<?xml version="1.0" encoding="UTF-8"?>
<testsuite name="com.lotr.people.CastMemberTest" tests="1" skipped="0" failures="0" errors="0" timestamp="2022-03-31T05:56:47" hostname="SAEKO" time="0.0">
  <properties/>
  <testcase name="Test()" classname="com.lotr.people.CastMemberTest" time="0.0"/>
  <system-out><![CDATA[]]></system-out>
  <system-err><![CDATA[]]></system-err>
</testsuite>
