<?xml version="1.0" encoding="UTF-8"?>
<testsuite name="com.lotr.creatures.AnimalTest" tests="1" skipped="0" failures="0" errors="0" timestamp="2022-03-31T14:24:52" hostname="SAEKO" time="0.031">
  <properties/>
  <testcase name="Test()" classname="com.lotr.creatures.AnimalTest" time="0.031"/>
  <system-out><![CDATA[]]></system-out>
  <system-err><![CDATA[]]></system-err>
</testsuite>
